2025-06-11 01:28:50,291 - __main__ - INFO - Initializing Voice Assistant for Raspberry Pi...
2025-06-11 01:28:50,291 - __main__ - INFO - Validating environment...
2025-06-11 01:28:50,292 - __main__ - INFO - ✓ Running on Raspberry Pi
2025-06-11 01:28:50,329 - __main__ - INFO - Setting up Whisper...
2025-06-11 01:28:50,329 - __main__ - INFO - ✓ Whisper executable: /home/carpediem/whisper.cpp/build/bin/whisper-cli
2025-06-11 01:28:50,329 - __main__ - INFO - ✓ Whisper model: /home/carpediem/whisper.cpp/models/ggml-tiny.en.bin
2025-06-11 01:28:50,329 - __main__ - INFO - Setting up Porcupine hotword detection...
2025-06-11 01:28:50,330 - __main__ - WARNING - ⚠ Using fallback wake word: 'computer'
2025-06-11 01:28:50,330 - __main__ - INFO - Setting up audio...
2025-06-11 01:28:50,569 - __main__ - INFO - Scanning audio devices...
2025-06-11 01:28:50,569 - __main__ - INFO -   Device 0: USB Audio Device: - (hw:0,0) (inputs: 1)
2025-06-11 01:28:50,570 - __main__ - INFO -   Device 2: sysdefault (inputs: 128)
2025-06-11 01:28:50,570 - __main__ - INFO -   Device 6: spdif (inputs: 1)
2025-06-11 01:28:50,570 - __main__ - INFO -   Device 7: lavrate (inputs: 128)
2025-06-11 01:28:50,570 - __main__ - INFO -   Device 8: samplerate (inputs: 128)
2025-06-11 01:28:50,570 - __main__ - INFO -   Device 9: speexrate (inputs: 128)
2025-06-11 01:28:50,570 - __main__ - INFO -   Device 10: pulse (inputs: 32)
2025-06-11 01:28:50,570 - __main__ - INFO -   Device 12: speex (inputs: 1)
2025-06-11 01:28:50,570 - __main__ - INFO -   Device 13: upmix (inputs: 8)
2025-06-11 01:28:50,570 - __main__ - INFO -   Device 14: vdownmix (inputs: 6)
2025-06-11 01:28:50,570 - __main__ - INFO -   Device 16: default (inputs: 32)
2025-06-11 01:28:50,603 - __main__ - INFO - ✓ Audio stream initialized successfully
2025-06-11 01:28:50,603 - __main__ - INFO - Voice Assistant initialized successfully
2025-06-11 01:28:50,603 - __main__ - INFO - 🎤 Listening for wake word 'computer'...
2025-06-11 01:28:52,880 - __main__ - INFO - 🔊 Wake word 'computer' detected!
2025-06-11 01:28:52,880 - __main__ - INFO - Recording your question...
2025-06-11 01:28:52,880 - __main__ - INFO - Recording attempt 1/3
2025-06-11 01:28:57,977 - __main__ - INFO - ✓ Recording successful
2025-06-11 01:28:59,291 - __main__ - INFO - Attempting to speak response
2025-06-11 01:29:02,386 - __main__ - INFO - ✓ espeak TTS successful
2025-06-11 01:29:02,387 - __main__ - INFO - Audio stream resumed
2025-06-11 01:29:02,387 - __main__ - INFO - 🎤 Resuming listening for 'computer'...
2025-06-11 01:29:10,865 - __main__ - INFO - 🔊 Wake word 'computer' detected!
2025-06-11 01:29:10,865 - __main__ - INFO - Recording your question...
2025-06-11 01:29:10,865 - __main__ - INFO - Recording attempt 1/3
2025-06-11 01:29:15,963 - __main__ - INFO - ✓ Recording successful
2025-06-11 01:29:17,084 - __main__ - INFO - Attempting to speak response
2025-06-11 01:29:20,179 - __main__ - INFO - ✓ espeak TTS successful
2025-06-11 01:29:20,180 - __main__ - INFO - Audio stream resumed
2025-06-11 01:29:20,180 - __main__ - INFO - 🎤 Resuming listening for 'computer'...
2025-06-11 01:29:24,568 - __main__ - INFO - 🔊 Wake word 'computer' detected!
2025-06-11 01:29:24,569 - __main__ - INFO - Recording your question...
2025-06-11 01:29:24,569 - __main__ - INFO - Recording attempt 1/3
2025-06-11 01:29:29,666 - __main__ - INFO - ✓ Recording successful
2025-06-11 01:29:30,827 - __main__ - INFO - Attempting to speak response
2025-06-11 01:29:33,942 - __main__ - INFO - ✓ espeak TTS successful
2025-06-11 01:29:33,943 - __main__ - INFO - Audio stream resumed
2025-06-11 01:29:33,943 - __main__ - INFO - 🎤 Resuming listening for 'computer'...
2025-06-11 01:29:35,144 - __main__ - INFO - Shutdown signal received...
2025-06-11 01:29:35,144 - __main__ - INFO - Cleaning up resources...
2025-06-11 01:29:35,157 - __main__ - INFO - Cleaning up resources...
2025-06-11 01:44:34,196 - __main__ - INFO - Initializing Voice Assistant for Raspberry Pi...
2025-06-11 01:44:34,196 - __main__ - INFO - Validating environment...
2025-06-11 01:44:34,196 - __main__ - INFO - ✓ Running on Raspberry Pi
2025-06-11 01:44:34,240 - __main__ - INFO - Setting up Whisper...
2025-06-11 01:44:34,240 - __main__ - INFO - ✓ Whisper executable: /home/carpediem/whisper.cpp/build/bin/whisper-cli
2025-06-11 01:44:34,241 - __main__ - INFO - ✓ Whisper model: /home/carpediem/whisper.cpp/models/ggml-tiny.en.bin
2025-06-11 01:44:34,241 - __main__ - INFO - Setting up Porcupine hotword detection...
2025-06-11 01:44:34,242 - __main__ - WARNING - ⚠ Using fallback wake word: 'computer'
2025-06-11 01:44:34,242 - __main__ - INFO - Setting up audio...
2025-06-11 01:44:34,461 - __main__ - INFO - Scanning audio devices...
2025-06-11 01:44:34,461 - __main__ - INFO -   Device 0: USB Audio Device: - (hw:0,0) (inputs: 1)
2025-06-11 01:44:34,461 - __main__ - INFO -   Device 2: sysdefault (inputs: 128)
2025-06-11 01:44:34,461 - __main__ - INFO -   Device 6: spdif (inputs: 1)
2025-06-11 01:44:34,461 - __main__ - INFO -   Device 7: lavrate (inputs: 128)
2025-06-11 01:44:34,461 - __main__ - INFO -   Device 8: samplerate (inputs: 128)
2025-06-11 01:44:34,462 - __main__ - INFO -   Device 9: speexrate (inputs: 128)
2025-06-11 01:44:34,462 - __main__ - INFO -   Device 10: pulse (inputs: 32)
2025-06-11 01:44:34,462 - __main__ - INFO -   Device 12: speex (inputs: 1)
2025-06-11 01:44:34,462 - __main__ - INFO -   Device 13: upmix (inputs: 8)
2025-06-11 01:44:34,462 - __main__ - INFO -   Device 14: vdownmix (inputs: 6)
2025-06-11 01:44:34,462 - __main__ - INFO -   Device 15: speaker (inputs: 128)
2025-06-11 01:44:34,462 - __main__ - INFO -   Device 17: default (inputs: 32)
2025-06-11 01:44:34,495 - __main__ - INFO - ✓ Audio stream initialized successfully
2025-06-11 01:44:34,495 - __main__ - INFO - Voice Assistant initialized successfully
2025-06-11 01:44:34,495 - __main__ - INFO - 🎤 Listening for wake word 'computer'...
2025-06-11 01:44:37,185 - __main__ - INFO - 🔊 Wake word 'computer' detected!
2025-06-11 01:44:37,185 - __main__ - INFO - Recording your question...
2025-06-11 01:44:37,185 - __main__ - INFO - Recording attempt 1/3
2025-06-11 01:44:42,282 - __main__ - INFO - ✓ Recording successful
2025-06-11 01:44:43,445 - __main__ - INFO - Attempting to speak response
2025-06-11 01:44:46,520 - __main__ - INFO - ✓ espeak TTS successful
2025-06-11 01:44:46,521 - __main__ - INFO - Audio stream resumed
2025-06-11 01:44:46,521 - __main__ - INFO - 🎤 Resuming listening for 'computer'...
2025-06-11 01:44:51,962 - __main__ - INFO - 🔊 Wake word 'computer' detected!
2025-06-11 01:44:51,962 - __main__ - INFO - Recording your question...
2025-06-11 01:44:51,962 - __main__ - INFO - Recording attempt 1/3
2025-06-11 01:44:57,059 - __main__ - INFO - ✓ Recording successful
2025-06-11 01:44:58,145 - __main__ - INFO - Attempting to speak response
2025-06-11 01:45:01,240 - __main__ - INFO - ✓ espeak TTS successful
2025-06-11 01:45:01,241 - __main__ - INFO - Audio stream resumed
2025-06-11 01:45:01,241 - __main__ - INFO - 🎤 Resuming listening for 'computer'...
2025-06-11 01:45:31,706 - __main__ - INFO - Shutdown signal received...
2025-06-11 01:45:31,707 - __main__ - INFO - Cleaning up resources...
2025-06-11 01:45:31,710 - __main__ - INFO - Cleaning up resources...
2025-06-11 01:47:41,100 - __main__ - INFO - Initializing Voice Assistant for Raspberry Pi...
2025-06-11 01:47:41,100 - __main__ - INFO - Validating environment...
2025-06-11 01:47:41,100 - __main__ - INFO - ✓ Running on Raspberry Pi
2025-06-11 01:47:41,136 - __main__ - INFO - Setting up Whisper...
2025-06-11 01:47:41,137 - __main__ - INFO - ✓ Whisper executable: /home/carpediem/whisper.cpp/build/bin/whisper-cli
2025-06-11 01:47:41,137 - __main__ - INFO - ✓ Whisper model: /home/carpediem/whisper.cpp/models/ggml-tiny.en.bin
2025-06-11 01:47:41,137 - __main__ - INFO - Setting up Porcupine hotword detection...
2025-06-11 01:47:41,138 - __main__ - WARNING - ⚠ Using fallback wake word: 'computer'
2025-06-11 01:47:41,138 - __main__ - INFO - Setting up audio...
2025-06-11 01:47:41,351 - __main__ - INFO - Scanning audio devices...
2025-06-11 01:47:41,351 - __main__ - INFO -   Device 0: USB Audio Device: - (hw:0,0) (inputs: 1)
2025-06-11 01:47:41,351 - __main__ - INFO -   Device 2: sysdefault (inputs: 128)
2025-06-11 01:47:41,352 - __main__ - INFO -   Device 6: spdif (inputs: 1)
2025-06-11 01:47:41,352 - __main__ - INFO -   Device 7: lavrate (inputs: 128)
2025-06-11 01:47:41,352 - __main__ - INFO -   Device 8: samplerate (inputs: 128)
2025-06-11 01:47:41,352 - __main__ - INFO -   Device 9: speexrate (inputs: 128)
2025-06-11 01:47:41,352 - __main__ - INFO -   Device 10: pulse (inputs: 32)
2025-06-11 01:47:41,352 - __main__ - INFO -   Device 12: speex (inputs: 1)
2025-06-11 01:47:41,352 - __main__ - INFO -   Device 13: upmix (inputs: 8)
2025-06-11 01:47:41,352 - __main__ - INFO -   Device 14: vdownmix (inputs: 6)
2025-06-11 01:47:41,352 - __main__ - INFO -   Device 15: speaker (inputs: 128)
2025-06-11 01:47:41,352 - __main__ - INFO -   Device 17: default (inputs: 32)
2025-06-11 01:47:41,385 - __main__ - INFO - ✓ Audio stream initialized successfully
2025-06-11 01:47:41,385 - __main__ - INFO - Voice Assistant initialized successfully
2025-06-11 01:47:41,385 - __main__ - INFO - 🎤 Listening for wake word 'computer'...
2025-06-11 01:51:15,785 - __main__ - INFO - 🔊 Wake word 'computer' detected!
2025-06-11 01:51:15,785 - __main__ - INFO - Recording your question...
2025-06-11 01:51:15,785 - __main__ - INFO - Recording attempt 1/3
2025-06-11 01:51:20,882 - __main__ - INFO - ✓ Recording successful
2025-06-11 01:51:22,017 - __main__ - INFO - Attempting to speak response
2025-06-11 01:51:25,112 - __main__ - INFO - ✓ espeak TTS successful
2025-06-11 01:51:25,113 - __main__ - INFO - Audio stream resumed
2025-06-11 01:51:25,113 - __main__ - INFO - 🎤 Resuming listening for 'computer'...
2025-06-11 01:51:25,300 - __main__ - INFO - Shutdown signal received...
2025-06-11 01:51:25,300 - __main__ - INFO - Cleaning up resources...
2025-06-11 01:51:25,302 - __main__ - INFO - Cleaning up resources...
2025-06-11 01:56:01,745 - __main__ - INFO - Initializing Voice Assistant for Raspberry Pi...
2025-06-11 01:56:01,745 - __main__ - INFO - Validating environment...
2025-06-11 01:56:01,745 - __main__ - INFO - ✓ Running on Raspberry Pi
2025-06-11 01:56:01,783 - __main__ - INFO - Setting up Whisper...
2025-06-11 01:56:01,783 - __main__ - INFO - ✓ Whisper executable: /home/carpediem/whisper.cpp/build/bin/whisper-cli
2025-06-11 01:56:01,783 - __main__ - INFO - ✓ Whisper model: /home/carpediem/whisper.cpp/models/ggml-tiny.en.bin
2025-06-11 01:56:01,783 - __main__ - INFO - Setting up Porcupine hotword detection...
2025-06-11 01:56:01,785 - __main__ - WARNING - ⚠ Using fallback wake word: 'computer'
2025-06-11 01:56:01,785 - __main__ - INFO - Setting up audio...
2025-06-11 01:56:02,051 - __main__ - INFO - Scanning audio devices...
2025-06-11 01:56:02,051 - __main__ - INFO -   Device 0: USB Audio Device: - (hw:0,0) (inputs: 1)
2025-06-11 01:56:02,051 - __main__ - INFO -   Device 2: sysdefault (inputs: 128)
2025-06-11 01:56:02,051 - __main__ - INFO -   Device 6: spdif (inputs: 1)
2025-06-11 01:56:02,051 - __main__ - INFO -   Device 7: lavrate (inputs: 128)
2025-06-11 01:56:02,051 - __main__ - INFO -   Device 8: samplerate (inputs: 128)
2025-06-11 01:56:02,051 - __main__ - INFO -   Device 9: speexrate (inputs: 128)
2025-06-11 01:56:02,051 - __main__ - INFO -   Device 10: pulse (inputs: 32)
2025-06-11 01:56:02,051 - __main__ - INFO -   Device 12: speex (inputs: 1)
2025-06-11 01:56:02,051 - __main__ - INFO -   Device 13: upmix (inputs: 8)
2025-06-11 01:56:02,051 - __main__ - INFO -   Device 14: vdownmix (inputs: 6)
2025-06-11 01:56:02,051 - __main__ - INFO -   Device 15: speaker (inputs: 128)
2025-06-11 01:56:02,052 - __main__ - INFO -   Device 17: default (inputs: 32)
2025-06-11 01:56:02,085 - __main__ - INFO - ✓ Audio stream initialized successfully
2025-06-11 01:56:02,085 - __main__ - INFO - Voice Assistant initialized successfully
2025-06-11 01:56:02,085 - __main__ - INFO -  Listening for wake word 'computer'...
2025-06-11 01:56:04,195 - __main__ - INFO -  Wake word 'computer' detected!
2025-06-11 01:56:04,196 - __main__ - INFO - Recording your question...
2025-06-11 01:56:04,196 - __main__ - INFO - Recording attempt 1/3
2025-06-11 01:56:09,294 - __main__ - INFO - ✓ Recording successful
2025-06-11 01:56:09,294 - __main__ - INFO - Executing Whisper command: /home/carpediem/whisper.cpp/build/bin/whisper-cli -m /home/carpediem/whisper.cpp/models/ggml-tiny.en.bin -f command.wav --output-txt --no-prints
2025-06-11 01:56:12,421 - __main__ - INFO - Whisper stdout: 
[00:00:00.000 --> 00:00:07.000]   What is apple? What is apple? What is apple? What is apple? What is apple? What is apple?

2025-06-11 01:56:12,421 - __main__ - ERROR - Whisper stderr: output_txt: saving output to 'command.wav.txt'

2025-06-11 01:56:12,421 - __main__ - INFO - Checking for transcription file: command.txt
2025-06-11 01:56:12,422 - __main__ - ERROR - Transcription error: Transcription file not found: command.txt
2025-06-11 01:56:12,422 - __main__ - ERROR - Transcription error: Transcription file not found: command.txt
2025-06-11 01:56:12,422 - __main__ - ERROR - Error handling voice command: Transcription file not found: command.txt
2025-06-11 01:56:12,422 - __main__ - INFO - Attempting to speak response
2025-06-11 01:56:15,378 - __main__ - INFO - ✓ espeak TTS successful
2025-06-11 01:56:15,379 - __main__ - INFO - Audio stream resumed
2025-06-11 01:56:15,380 - __main__ - INFO -  Resuming listening for 'computer'...
2025-06-11 01:58:54,496 - __main__ - INFO - Shutdown signal received...
2025-06-11 01:58:54,496 - __main__ - INFO - Cleaning up resources...
2025-06-11 01:58:54,499 - __main__ - INFO - Cleaning up resources...
2025-06-11 02:05:23,724 - __main__ - INFO - Initializing Voice Assistant for Raspberry Pi...
2025-06-11 02:05:23,724 - __main__ - INFO - Validating environment...
2025-06-11 02:05:23,731 - __main__ - INFO - ✓ Running on Raspberry Pi
2025-06-11 02:05:23,765 - __main__ - INFO - Setting up Whisper...
2025-06-11 02:05:23,765 - __main__ - INFO - ✓ Whisper executable: /home/carpediem/whisper.cpp/build/bin/whisper-cli
2025-06-11 02:05:23,765 - __main__ - INFO - ✓ Whisper model: /home/carpediem/whisper.cpp/models/ggml-tiny.en.bin
2025-06-11 02:05:23,765 - __main__ - INFO - Setting up Porcupine hotword detection...
2025-06-11 02:05:23,767 - __main__ - INFO - ✓ Using wake word: 'computer'
2025-06-11 02:05:23,767 - __main__ - INFO - Setting up audio...
2025-06-11 02:05:24,002 - __main__ - INFO - Scanning audio devices...
2025-06-11 02:05:24,002 - __main__ - INFO -  Device 0: USB Audio Device: - (hw:0,0) (inputs: 1)
2025-06-11 02:05:24,002 - __main__ - INFO -  Device 2: sysdefault (inputs: 128)
2025-06-11 02:05:24,002 - __main__ - INFO -  Device 6: spdif (inputs: 1)
2025-06-11 02:05:24,002 - __main__ - INFO -  Device 7: lavrate (inputs: 128)
2025-06-11 02:05:24,002 - __main__ - INFO -  Device 8: samplerate (inputs: 128)
2025-06-11 02:05:24,002 - __main__ - INFO -  Device 9: speexrate (inputs: 128)
2025-06-11 02:05:24,002 - __main__ - INFO -  Device 10: pulse (inputs: 32)
2025-06-11 02:05:24,002 - __main__ - INFO -  Device 12: speex (inputs: 1)
2025-06-11 02:05:24,002 - __main__ - INFO -  Device 13: upmix (inputs: 8)
2025-06-11 02:05:24,002 - __main__ - INFO -  Device 14: vdownmix (inputs: 6)
2025-06-11 02:05:24,002 - __main__ - INFO -  Device 15: speaker (inputs: 128)
2025-06-11 02:05:24,003 - __main__ - INFO -  Device 17: default (inputs: 32)
2025-06-11 02:05:24,036 - __main__ - INFO - ✓ Audio stream initialized successfully
2025-06-11 02:05:24,036 - __main__ - INFO - Voice Assistant initialized successfully
2025-06-11 02:05:24,036 - __main__ - INFO - 🎤 Listening for wake word 'computer'...
2025-06-11 02:05:26,145 - __main__ - INFO - 🔊 Wake word 'computer' detected!
2025-06-11 02:05:26,146 - __main__ - INFO - Recording your question...
2025-06-11 02:05:26,146 - __main__ - INFO - Recording attempt 1/3
2025-06-11 02:05:31,245 - __main__ - INFO - ✓ Recording successful
2025-06-11 02:05:32,435 - __main__ - ERROR - Whisper error: output_txt: saving output to 'command.wav.txt'

2025-06-11 02:05:32,436 - __main__ - INFO - Attempting to speak response
2025-06-11 02:05:35,531 - __main__ - INFO - ✓ espeak TTS successful
2025-06-11 02:05:35,532 - __main__ - INFO - Audio stream resumed
2025-06-11 02:05:35,532 - __main__ - INFO - 🎤 Resuming listening for 'computer'...
2025-06-11 02:05:40,124 - __main__ - INFO - Shutdown signal received...
2025-06-11 02:05:40,124 - __main__ - INFO - Cleaning up resources...
2025-06-11 02:05:40,127 - __main__ - INFO - Cleaning up resources...
2025-06-11 02:07:20,077 - __main__ - INFO - Initializing Voice Assistant for Raspberry Pi...
2025-06-11 02:07:20,077 - __main__ - INFO - Validating environment...
2025-06-11 02:07:20,077 - __main__ - INFO - ✓ Running on Raspberry Pi
2025-06-11 02:07:20,110 - __main__ - INFO - Setting up Whisper...
2025-06-11 02:07:20,110 - __main__ - INFO - ✓ Whisper executable: /home/carpediem/whisper.cpp/build/bin/whisper-cli
2025-06-11 02:07:20,110 - __main__ - INFO - ✓ Whisper model: /home/carpediem/whisper.cpp/models/ggml-tiny.en.bin
2025-06-11 02:07:20,110 - __main__ - INFO - Setting up Porcupine hotword detection...
2025-06-11 02:07:20,111 - __main__ - INFO - ✓ Using wake word: 'computer'
2025-06-11 02:07:20,111 - __main__ - INFO - Setting up audio...
2025-06-11 02:07:20,328 - __main__ - INFO - Scanning audio devices...
2025-06-11 02:07:20,329 - __main__ - INFO -  Device 0: USB Audio Device: - (hw:0,0) (inputs: 1)
2025-06-11 02:07:20,329 - __main__ - INFO -  Device 2: sysdefault (inputs: 128)
2025-06-11 02:07:20,329 - __main__ - INFO -  Device 6: spdif (inputs: 1)
2025-06-11 02:07:20,329 - __main__ - INFO -  Device 7: lavrate (inputs: 128)
2025-06-11 02:07:20,329 - __main__ - INFO -  Device 8: samplerate (inputs: 128)
2025-06-11 02:07:20,329 - __main__ - INFO -  Device 9: speexrate (inputs: 128)
2025-06-11 02:07:20,329 - __main__ - INFO -  Device 10: pulse (inputs: 32)
2025-06-11 02:07:20,329 - __main__ - INFO -  Device 12: speex (inputs: 1)
2025-06-11 02:07:20,329 - __main__ - INFO -  Device 13: upmix (inputs: 8)
2025-06-11 02:07:20,329 - __main__ - INFO -  Device 14: vdownmix (inputs: 6)
2025-06-11 02:07:20,329 - __main__ - INFO -  Device 15: speaker (inputs: 128)
2025-06-11 02:07:20,329 - __main__ - INFO -  Device 17: default (inputs: 32)
2025-06-11 02:07:20,362 - __main__ - INFO - ✓ Audio stream initialized successfully
2025-06-11 02:07:20,363 - __main__ - INFO - Voice Assistant initialized successfully
2025-06-11 02:07:20,363 - __main__ - INFO - 🎤 Listening for wake word 'computer'...
2025-06-11 02:07:24,951 - __main__ - INFO - 🔊 Wake word 'computer' detected!
2025-06-11 02:07:24,951 - __main__ - INFO - Recording your question...
2025-06-11 02:07:24,951 - __main__ - INFO - Recording attempt 1/3
2025-06-11 02:07:30,048 - __main__ - INFO - ✓ Recording successful
2025-06-11 02:07:31,198 - __main__ - ERROR - Whisper error: output_txt: saving output to 'command.wav.txt'

2025-06-11 02:07:31,198 - __main__ - INFO - Attempting to speak response
2025-06-11 02:07:34,293 - __main__ - INFO - ✓ espeak TTS successful
2025-06-11 02:07:34,294 - __main__ - INFO - Audio stream resumed
2025-06-11 02:07:34,294 - __main__ - INFO - 🎤 Resuming listening for 'computer'...
2025-06-11 02:07:35,417 - __main__ - INFO - Shutdown signal received...
2025-06-11 02:07:35,418 - __main__ - INFO - Cleaning up resources...
2025-06-11 02:07:35,421 - __main__ - INFO - Cleaning up resources...
2025-06-11 02:09:23,169 - __main__ - INFO - Initializing Voice Assistant for Raspberry Pi...
2025-06-11 02:09:23,170 - __main__ - INFO - Validating environment...
2025-06-11 02:09:23,180 - __main__ - INFO - ✓ Running on Raspberry Pi
2025-06-11 02:09:23,213 - __main__ - INFO - Setting up Whisper...
2025-06-11 02:09:23,213 - __main__ - INFO - ✓ Whisper executable: /home/carpediem/whisper.cpp/build/bin/whisper-cli
2025-06-11 02:09:23,214 - __main__ - INFO - ✓ Whisper model: /home/carpediem/whisper.cpp/models/ggml-tiny.en.bin
2025-06-11 02:09:23,214 - __main__ - INFO - Setting up Porcupine hotword detection...
2025-06-11 02:09:23,215 - __main__ - INFO - ✓ Using wake word: 'computer'
2025-06-11 02:09:23,215 - __main__ - INFO - Setting up audio...
2025-06-11 02:09:23,439 - __main__ - INFO - Scanning audio devices...
2025-06-11 02:09:23,439 - __main__ - INFO -  Device 0: USB Audio Device: - (hw:0,0) (inputs: 1)
2025-06-11 02:09:23,439 - __main__ - INFO -  Device 2: sysdefault (inputs: 128)
2025-06-11 02:09:23,439 - __main__ - INFO -  Device 6: spdif (inputs: 1)
2025-06-11 02:09:23,439 - __main__ - INFO -  Device 7: lavrate (inputs: 128)
2025-06-11 02:09:23,439 - __main__ - INFO -  Device 8: samplerate (inputs: 128)
2025-06-11 02:09:23,439 - __main__ - INFO -  Device 9: speexrate (inputs: 128)
2025-06-11 02:09:23,439 - __main__ - INFO -  Device 10: pulse (inputs: 32)
2025-06-11 02:09:23,439 - __main__ - INFO -  Device 12: speex (inputs: 1)
2025-06-11 02:09:23,440 - __main__ - INFO -  Device 13: upmix (inputs: 8)
2025-06-11 02:09:23,440 - __main__ - INFO -  Device 14: vdownmix (inputs: 6)
2025-06-11 02:09:23,440 - __main__ - INFO -  Device 15: speaker (inputs: 128)
2025-06-11 02:09:23,440 - __main__ - INFO -  Device 17: default (inputs: 32)
2025-06-11 02:09:23,473 - __main__ - INFO - ✓ Audio stream initialized successfully
2025-06-11 02:09:23,473 - __main__ - INFO - Voice Assistant initialized successfully
2025-06-11 02:09:23,473 - __main__ - INFO - 🎤 Listening for wake word 'computer'...
2025-06-11 02:09:25,708 - __main__ - INFO - 🔊 Wake word 'computer' detected!
2025-06-11 02:09:25,708 - __main__ - INFO - Recording your question...
2025-06-11 02:09:25,708 - __main__ - INFO - Recording attempt 1/3
2025-06-11 02:09:30,806 - __main__ - INFO - ✓ Recording successful
2025-06-11 02:09:31,892 - __main__ - ERROR - Whisper error: output_txt: saving output to 'command.wav.txt'

2025-06-11 02:09:31,892 - __main__ - INFO - Attempting to speak response
2025-06-11 02:09:34,989 - __main__ - INFO - ✓ espeak TTS successful
2025-06-11 02:09:34,989 - __main__ - INFO - Audio stream resumed
2025-06-11 02:09:34,990 - __main__ - INFO - 🎤 Resuming listening for 'computer'...
2025-06-11 02:09:36,229 - __main__ - INFO - Shutdown signal received...
2025-06-11 02:09:36,229 - __main__ - INFO - Cleaning up resources...
2025-06-11 02:09:36,232 - __main__ - INFO - Cleaning up resources...
2025-06-11 02:21:10,182 - __main__ - INFO - Initializing Voice Assistant for Raspberry Pi...
2025-06-11 02:21:10,182 - __main__ - INFO - Validating environment...
2025-06-11 02:21:10,182 - __main__ - INFO - ✓ Running on Raspberry Pi
2025-06-11 02:21:10,223 - __main__ - INFO - Setting up Whisper...
2025-06-11 02:21:10,224 - __main__ - INFO - ✓ Whisper executable: /home/carpediem/whisper.cpp/build/bin/whisper-cli
2025-06-11 02:21:10,224 - __main__ - INFO - ✓ Whisper model: /home/carpediem/whisper.cpp/models/ggml-tiny.en.bin
2025-06-11 02:21:10,224 - __main__ - INFO - Setting up Porcupine hotword detection...
2025-06-11 02:21:10,225 - __main__ - INFO - ✓ Using wake word: 'computer'
2025-06-11 02:21:10,225 - __main__ - INFO - Setting up audio...
2025-06-11 02:21:10,454 - __main__ - INFO - Scanning audio devices...
2025-06-11 02:21:10,454 - __main__ - INFO -  Device 0: USB Audio Device: - (hw:0,0) (inputs: 1)
2025-06-11 02:21:10,454 - __main__ - INFO -  Device 2: sysdefault (inputs: 128)
2025-06-11 02:21:10,454 - __main__ - INFO -  Device 6: spdif (inputs: 1)
2025-06-11 02:21:10,454 - __main__ - INFO -  Device 7: lavrate (inputs: 128)
2025-06-11 02:21:10,454 - __main__ - INFO -  Device 8: samplerate (inputs: 128)
2025-06-11 02:21:10,454 - __main__ - INFO -  Device 9: speexrate (inputs: 128)
2025-06-11 02:21:10,454 - __main__ - INFO -  Device 10: pulse (inputs: 32)
2025-06-11 02:21:10,454 - __main__ - INFO -  Device 12: speex (inputs: 1)
2025-06-11 02:21:10,454 - __main__ - INFO -  Device 13: upmix (inputs: 8)
2025-06-11 02:21:10,454 - __main__ - INFO -  Device 14: vdownmix (inputs: 6)
2025-06-11 02:21:10,454 - __main__ - INFO -  Device 15: speaker (inputs: 128)
2025-06-11 02:21:10,454 - __main__ - INFO -  Device 17: default (inputs: 32)
2025-06-11 02:21:10,488 - __main__ - INFO - ✓ Audio stream initialized successfully
2025-06-11 02:21:10,488 - __main__ - INFO - Voice Assistant initialized successfully
2025-06-11 02:21:10,488 - __main__ - INFO - 🎤 Listening for wake word 'computer'...
2025-06-11 02:21:12,680 - __main__ - INFO - 🔊 Wake word 'computer' detected!
2025-06-11 02:21:12,681 - __main__ - INFO - Recording your question...
2025-06-11 02:21:12,681 - __main__ - INFO - Recording attempt 1/3
2025-06-11 02:21:17,778 - __main__ - INFO - ✓ Recording successful
2025-06-11 02:21:18,970 - __main__ - ERROR - Whisper error: output_txt: saving output to 'command.wav.txt'

2025-06-11 02:21:18,971 - __main__ - INFO - Attempting to speak response
2025-06-11 02:21:22,066 - __main__ - INFO - ✓ espeak TTS successful
2025-06-11 02:21:22,067 - __main__ - INFO - Audio stream resumed
2025-06-11 02:21:22,067 - __main__ - INFO - 🎤 Resuming listening for 'computer'...
2025-06-11 02:21:26,011 - __main__ - INFO - Shutdown signal received...
2025-06-11 02:21:26,011 - __main__ - INFO - Cleaning up resources...
2025-06-11 02:21:26,015 - __main__ - INFO - Cleaning up resources...
